DEBUG - 2025-06-27 20:59:51 --> Session: Class initialized using 'CodeIgniter\Session\Handlers\FileHandler' driver.
DEBUG - 2025-06-27 21:02:38 --> Session: Class initialized using 'CodeIgniter\Session\Handlers\FileHandler' driver.
DEBUG - 2025-06-27 21:10:45 --> Session: Class initialized using 'CodeIgniter\Session\Handlers\FileHandler' driver.
DEBUG - 2025-06-27 21:24:35 --> Session: Class initialized using 'CodeIgniter\Session\Handlers\FileHandler' driver.
DEBUG - 2025-06-27 21:25:12 --> Session: Class initialized using 'CodeIgniter\Session\Handlers\FileHandler' driver.
DEBUG - 2025-06-27 21:27:07 --> Session: Class initialized using 'CodeIgniter\Session\Handlers\FileHandler' driver.
DEBUG - 2025-06-27 21:27:17 --> Session: Class initialized using 'CodeIgniter\Session\Handlers\FileHandler' driver.
DEBUG - 2025-06-27 21:27:23 --> Session: Class initialized using 'CodeIgniter\Session\Handlers\FileHandler' driver.
INFO - 2025-06-27 21:27:23 --> Cart Class Initialized
DEBUG - 2025-06-27 21:31:42 --> Session: Class initialized using 'CodeIgniter\Session\Handlers\FileHandler' driver.
INFO - 2025-06-27 21:31:42 --> Cart Class Initialized
DEBUG - 2025-06-27 21:31:44 --> Session: Class initialized using 'CodeIgniter\Session\Handlers\FileHandler' driver.
INFO - 2025-06-27 21:31:44 --> Cart Class Initialized
DEBUG - 2025-06-27 21:34:16 --> Session: Class initialized using 'CodeIgniter\Session\Handlers\FileHandler' driver.
INFO - 2025-06-27 21:34:16 --> Cart Class Initialized
DEBUG - 2025-06-27 21:34:18 --> Session: Class initialized using 'CodeIgniter\Session\Handlers\FileHandler' driver.
INFO - 2025-06-27 21:34:18 --> Cart Class Initialized
ERROR - 2025-06-27 21:34:18 --> mysqli_sql_exception: Unknown column 'nombre_producto' in 'where clause' in C:\xampp\htdocs\proyecto_gon_lezcano\system\Database\MySQLi\Connection.php:327
Stack trace:
#0 C:\xampp\htdocs\proyecto_gon_lezcano\system\Database\MySQLi\Connection.php(327): mysqli->query('SELECT *\nFROM `...', 0)
#1 C:\xampp\htdocs\proyecto_gon_lezcano\system\Database\BaseConnection.php(738): CodeIgniter\Database\MySQLi\Connection->execute('SELECT *\nFROM `...')
#2 C:\xampp\htdocs\proyecto_gon_lezcano\system\Database\BaseConnection.php(652): CodeIgniter\Database\BaseConnection->simpleQuery('SELECT *\nFROM `...')
#3 C:\xampp\htdocs\proyecto_gon_lezcano\system\Database\BaseBuilder.php(1649): CodeIgniter\Database\BaseConnection->query('SELECT *\nFROM `...', Array, false)
#4 C:\xampp\htdocs\proyecto_gon_lezcano\system\Model.php(286): CodeIgniter\Database\BaseBuilder->get()
#5 C:\xampp\htdocs\proyecto_gon_lezcano\system\BaseModel.php(675): CodeIgniter\Model->doFindAll(0, 0)
#6 C:\xampp\htdocs\proyecto_gon_lezcano\app\Controllers\carrito_controller.php(140): CodeIgniter\BaseModel->findAll()
#7 C:\xampp\htdocs\proyecto_gon_lezcano\system\CodeIgniter.php(933): App\Controllers\carrito_controller->buscar()
#8 C:\xampp\htdocs\proyecto_gon_lezcano\system\CodeIgniter.php(507): CodeIgniter\CodeIgniter->runController(Object(App\Controllers\carrito_controller))
#9 C:\xampp\htdocs\proyecto_gon_lezcano\system\CodeIgniter.php(354): CodeIgniter\CodeIgniter->handleRequest(NULL, Object(Config\Cache), false)
#10 C:\xampp\htdocs\proyecto_gon_lezcano\system\Boot.php(334): CodeIgniter\CodeIgniter->run()
#11 C:\xampp\htdocs\proyecto_gon_lezcano\system\Boot.php(67): CodeIgniter\Boot::runCodeIgniter(Object(CodeIgniter\CodeIgniter))
#12 C:\xampp\htdocs\proyecto_gon_lezcano\index.php(56): CodeIgniter\Boot::bootWeb(Object(Config\Paths))
#13 {main}
CRITICAL - 2025-06-27 21:34:18 --> CodeIgniter\Database\Exceptions\DatabaseException: Unknown column 'nombre_producto' in 'where clause'
[Method: GET, Route: buscar]
in SYSTEMPATH\Database\BaseConnection.php on line 692.
 1 SYSTEMPATH\Database\BaseBuilder.php(1649): CodeIgniter\Database\BaseConnection->query('SELECT *
FROM `productos`
WHERE `nombre_producto` LIKE :nombre_producto: ESCAPE \'!\'', [...], false)
 2 SYSTEMPATH\Model.php(286): CodeIgniter\Database\BaseBuilder->get()
 3 SYSTEMPATH\BaseModel.php(675): CodeIgniter\Model->doFindAll(0, 0)
 4 APPPATH\Controllers\carrito_controller.php(140): CodeIgniter\BaseModel->findAll()
 5 SYSTEMPATH\CodeIgniter.php(933): App\Controllers\carrito_controller->buscar()
 6 SYSTEMPATH\CodeIgniter.php(507): CodeIgniter\CodeIgniter->runController(Object(App\Controllers\carrito_controller))
 7 SYSTEMPATH\CodeIgniter.php(354): CodeIgniter\CodeIgniter->handleRequest(null, Object(Config\Cache), false)
 8 SYSTEMPATH\Boot.php(334): CodeIgniter\CodeIgniter->run()
 9 SYSTEMPATH\Boot.php(67): CodeIgniter\Boot::runCodeIgniter(Object(CodeIgniter\CodeIgniter))
10 FCPATH\index.php(56): CodeIgniter\Boot::bootWeb(Object(Config\Paths))
CRITICAL - 2025-06-27 21:34:18 --> [Caused by] CodeIgniter\Database\Exceptions\DatabaseException: Unknown column 'nombre_producto' in 'where clause'
in SYSTEMPATH\Database\MySQLi\Connection.php on line 332.
 1 SYSTEMPATH\Database\BaseConnection.php(738): CodeIgniter\Database\MySQLi\Connection->execute('SELECT *
FROM `productos`
WHERE `nombre_producto` LIKE \'%House on Haunted Hill%\' ESCAPE \'!\'')
 2 SYSTEMPATH\Database\BaseConnection.php(652): CodeIgniter\Database\BaseConnection->simpleQuery('SELECT *
FROM `productos`
WHERE `nombre_producto` LIKE \'%House on Haunted Hill%\' ESCAPE \'!\'')
 3 SYSTEMPATH\Database\BaseBuilder.php(1649): CodeIgniter\Database\BaseConnection->query('SELECT *
FROM `productos`
WHERE `nombre_producto` LIKE :nombre_producto: ESCAPE \'!\'', [...], false)
 4 SYSTEMPATH\Model.php(286): CodeIgniter\Database\BaseBuilder->get()
 5 SYSTEMPATH\BaseModel.php(675): CodeIgniter\Model->doFindAll(0, 0)
 6 APPPATH\Controllers\carrito_controller.php(140): CodeIgniter\BaseModel->findAll()
 7 SYSTEMPATH\CodeIgniter.php(933): App\Controllers\carrito_controller->buscar()
 8 SYSTEMPATH\CodeIgniter.php(507): CodeIgniter\CodeIgniter->runController(Object(App\Controllers\carrito_controller))
 9 SYSTEMPATH\CodeIgniter.php(354): CodeIgniter\CodeIgniter->handleRequest(null, Object(Config\Cache), false)
10 SYSTEMPATH\Boot.php(334): CodeIgniter\CodeIgniter->run()
11 SYSTEMPATH\Boot.php(67): CodeIgniter\Boot::runCodeIgniter(Object(CodeIgniter\CodeIgniter))
12 FCPATH\index.php(56): CodeIgniter\Boot::bootWeb(Object(Config\Paths))
CRITICAL - 2025-06-27 21:34:18 --> [Caused by] mysqli_sql_exception: Unknown column 'nombre_producto' in 'where clause'
in SYSTEMPATH\Database\MySQLi\Connection.php on line 327.
 1 SYSTEMPATH\Database\MySQLi\Connection.php(327): mysqli->query('SELECT *
FROM `productos`
WHERE `nombre_producto` LIKE \'%House on Haunted Hill%\' ESCAPE \'!\'', 0)
 2 SYSTEMPATH\Database\BaseConnection.php(738): CodeIgniter\Database\MySQLi\Connection->execute('SELECT *
FROM `productos`
WHERE `nombre_producto` LIKE \'%House on Haunted Hill%\' ESCAPE \'!\'')
 3 SYSTEMPATH\Database\BaseConnection.php(652): CodeIgniter\Database\BaseConnection->simpleQuery('SELECT *
FROM `productos`
WHERE `nombre_producto` LIKE \'%House on Haunted Hill%\' ESCAPE \'!\'')
 4 SYSTEMPATH\Database\BaseBuilder.php(1649): CodeIgniter\Database\BaseConnection->query('SELECT *
FROM `productos`
WHERE `nombre_producto` LIKE :nombre_producto: ESCAPE \'!\'', [...], false)
 5 SYSTEMPATH\Model.php(286): CodeIgniter\Database\BaseBuilder->get()
 6 SYSTEMPATH\BaseModel.php(675): CodeIgniter\Model->doFindAll(0, 0)
 7 APPPATH\Controllers\carrito_controller.php(140): CodeIgniter\BaseModel->findAll()
 8 SYSTEMPATH\CodeIgniter.php(933): App\Controllers\carrito_controller->buscar()
 9 SYSTEMPATH\CodeIgniter.php(507): CodeIgniter\CodeIgniter->runController(Object(App\Controllers\carrito_controller))
10 SYSTEMPATH\CodeIgniter.php(354): CodeIgniter\CodeIgniter->handleRequest(null, Object(Config\Cache), false)
11 SYSTEMPATH\Boot.php(334): CodeIgniter\CodeIgniter->run()
12 SYSTEMPATH\Boot.php(67): CodeIgniter\Boot::runCodeIgniter(Object(CodeIgniter\CodeIgniter))
13 FCPATH\index.php(56): CodeIgniter\Boot::bootWeb(Object(Config\Paths))
DEBUG - 2025-06-27 21:34:37 --> Session: Class initialized using 'CodeIgniter\Session\Handlers\FileHandler' driver.
INFO - 2025-06-27 21:34:37 --> Cart Class Initialized
CRITICAL - 2025-06-27 21:34:37 --> CodeIgniter\View\Exceptions\ViewException: Invalid file: "productos/todos.php"
[Method: GET, Route: buscar]
in SYSTEMPATH\Exceptions\FrameworkException.php on line 39.
 1 SYSTEMPATH\View\View.php(212): CodeIgniter\Exceptions\FrameworkException::forInvalidFile('productos/todos.php')
 2 SYSTEMPATH\Common.php(1173): CodeIgniter\View\View->render('productos/todos', [], true)
 3 APPPATH\Controllers\carrito_controller.php(145): view('productos/todos', [...])
 4 SYSTEMPATH\CodeIgniter.php(933): App\Controllers\carrito_controller->buscar()
 5 SYSTEMPATH\CodeIgniter.php(507): CodeIgniter\CodeIgniter->runController(Object(App\Controllers\carrito_controller))
 6 SYSTEMPATH\CodeIgniter.php(354): CodeIgniter\CodeIgniter->handleRequest(null, Object(Config\Cache), false)
 7 SYSTEMPATH\Boot.php(334): CodeIgniter\CodeIgniter->run()
 8 SYSTEMPATH\Boot.php(67): CodeIgniter\Boot::runCodeIgniter(Object(CodeIgniter\CodeIgniter))
 9 FCPATH\index.php(56): CodeIgniter\Boot::bootWeb(Object(Config\Paths))
DEBUG - 2025-06-27 21:35:20 --> Session: Class initialized using 'CodeIgniter\Session\Handlers\FileHandler' driver.
INFO - 2025-06-27 21:35:20 --> Cart Class Initialized
CRITICAL - 2025-06-27 21:35:20 --> CodeIgniter\View\Exceptions\ViewException: Invalid file: "/todos_p.php"
[Method: GET, Route: buscar]
in SYSTEMPATH\Exceptions\FrameworkException.php on line 39.
 1 SYSTEMPATH\View\View.php(212): CodeIgniter\Exceptions\FrameworkException::forInvalidFile('/todos_p.php')
 2 SYSTEMPATH\Common.php(1173): CodeIgniter\View\View->render('/todos_p', [], true)
 3 APPPATH\Controllers\carrito_controller.php(145): view('/todos_p', [...])
 4 SYSTEMPATH\CodeIgniter.php(933): App\Controllers\carrito_controller->buscar()
 5 SYSTEMPATH\CodeIgniter.php(507): CodeIgniter\CodeIgniter->runController(Object(App\Controllers\carrito_controller))
 6 SYSTEMPATH\CodeIgniter.php(354): CodeIgniter\CodeIgniter->handleRequest(null, Object(Config\Cache), false)
 7 SYSTEMPATH\Boot.php(334): CodeIgniter\CodeIgniter->run()
 8 SYSTEMPATH\Boot.php(67): CodeIgniter\Boot::runCodeIgniter(Object(CodeIgniter\CodeIgniter))
 9 FCPATH\index.php(56): CodeIgniter\Boot::bootWeb(Object(Config\Paths))
DEBUG - 2025-06-27 21:35:24 --> Session: Class initialized using 'CodeIgniter\Session\Handlers\FileHandler' driver.
INFO - 2025-06-27 21:35:24 --> Cart Class Initialized
CRITICAL - 2025-06-27 21:35:24 --> CodeIgniter\View\Exceptions\ViewException: Invalid file: "/todos_p.php"
[Method: GET, Route: buscar]
in SYSTEMPATH\Exceptions\FrameworkException.php on line 39.
 1 SYSTEMPATH\View\View.php(212): CodeIgniter\Exceptions\FrameworkException::forInvalidFile('/todos_p.php')
 2 SYSTEMPATH\Common.php(1173): CodeIgniter\View\View->render('/todos_p', [], true)
 3 APPPATH\Controllers\carrito_controller.php(145): view('/todos_p', [...])
 4 SYSTEMPATH\CodeIgniter.php(933): App\Controllers\carrito_controller->buscar()
 5 SYSTEMPATH\CodeIgniter.php(507): CodeIgniter\CodeIgniter->runController(Object(App\Controllers\carrito_controller))
 6 SYSTEMPATH\CodeIgniter.php(354): CodeIgniter\CodeIgniter->handleRequest(null, Object(Config\Cache), false)
 7 SYSTEMPATH\Boot.php(334): CodeIgniter\CodeIgniter->run()
 8 SYSTEMPATH\Boot.php(67): CodeIgniter\Boot::runCodeIgniter(Object(CodeIgniter\CodeIgniter))
 9 FCPATH\index.php(56): CodeIgniter\Boot::bootWeb(Object(Config\Paths))
DEBUG - 2025-06-27 21:37:37 --> Session: Class initialized using 'CodeIgniter\Session\Handlers\FileHandler' driver.
DEBUG - 2025-06-27 21:37:39 --> Session: Class initialized using 'CodeIgniter\Session\Handlers\FileHandler' driver.
INFO - 2025-06-27 21:37:39 --> Cart Class Initialized
CRITICAL - 2025-06-27 21:37:39 --> CodeIgniter\View\Exceptions\ViewException: Invalid file: "/todos_p.php"
[Method: GET, Route: buscar]
in SYSTEMPATH\Exceptions\FrameworkException.php on line 39.
 1 SYSTEMPATH\View\View.php(212): CodeIgniter\Exceptions\FrameworkException::forInvalidFile('/todos_p.php')
 2 SYSTEMPATH\Common.php(1173): CodeIgniter\View\View->render('/todos_p', [], true)
 3 APPPATH\Controllers\carrito_controller.php(145): view('/todos_p', [...])
 4 SYSTEMPATH\CodeIgniter.php(933): App\Controllers\carrito_controller->buscar()
 5 SYSTEMPATH\CodeIgniter.php(507): CodeIgniter\CodeIgniter->runController(Object(App\Controllers\carrito_controller))
 6 SYSTEMPATH\CodeIgniter.php(354): CodeIgniter\CodeIgniter->handleRequest(null, Object(Config\Cache), false)
 7 SYSTEMPATH\Boot.php(334): CodeIgniter\CodeIgniter->run()
 8 SYSTEMPATH\Boot.php(67): CodeIgniter\Boot::runCodeIgniter(Object(CodeIgniter\CodeIgniter))
 9 FCPATH\index.php(56): CodeIgniter\Boot::bootWeb(Object(Config\Paths))
DEBUG - 2025-06-27 21:38:00 --> Session: Class initialized using 'CodeIgniter\Session\Handlers\FileHandler' driver.
INFO - 2025-06-27 21:38:00 --> Cart Class Initialized
CRITICAL - 2025-06-27 21:38:00 --> CodeIgniter\View\Exceptions\ViewException: Invalid file: "catalogo.php"
[Method: GET, Route: buscar]
in SYSTEMPATH\Exceptions\FrameworkException.php on line 39.
 1 SYSTEMPATH\View\View.php(212): CodeIgniter\Exceptions\FrameworkException::forInvalidFile('catalogo.php')
 2 SYSTEMPATH\Common.php(1173): CodeIgniter\View\View->render('catalogo', [], true)
 3 APPPATH\Controllers\carrito_controller.php(145): view('catalogo', [...])
 4 SYSTEMPATH\CodeIgniter.php(933): App\Controllers\carrito_controller->buscar()
 5 SYSTEMPATH\CodeIgniter.php(507): CodeIgniter\CodeIgniter->runController(Object(App\Controllers\carrito_controller))
 6 SYSTEMPATH\CodeIgniter.php(354): CodeIgniter\CodeIgniter->handleRequest(null, Object(Config\Cache), false)
 7 SYSTEMPATH\Boot.php(334): CodeIgniter\CodeIgniter->run()
 8 SYSTEMPATH\Boot.php(67): CodeIgniter\Boot::runCodeIgniter(Object(CodeIgniter\CodeIgniter))
 9 FCPATH\index.php(56): CodeIgniter\Boot::bootWeb(Object(Config\Paths))
DEBUG - 2025-06-27 21:38:04 --> Session: Class initialized using 'CodeIgniter\Session\Handlers\FileHandler' driver.
DEBUG - 2025-06-27 21:38:07 --> Session: Class initialized using 'CodeIgniter\Session\Handlers\FileHandler' driver.
INFO - 2025-06-27 21:38:07 --> Cart Class Initialized
CRITICAL - 2025-06-27 21:38:07 --> CodeIgniter\View\Exceptions\ViewException: Invalid file: "catalogo.php"
[Method: GET, Route: buscar]
in SYSTEMPATH\Exceptions\FrameworkException.php on line 39.
 1 SYSTEMPATH\View\View.php(212): CodeIgniter\Exceptions\FrameworkException::forInvalidFile('catalogo.php')
 2 SYSTEMPATH\Common.php(1173): CodeIgniter\View\View->render('catalogo', [], true)
 3 APPPATH\Controllers\carrito_controller.php(145): view('catalogo', [...])
 4 SYSTEMPATH\CodeIgniter.php(933): App\Controllers\carrito_controller->buscar()
 5 SYSTEMPATH\CodeIgniter.php(507): CodeIgniter\CodeIgniter->runController(Object(App\Controllers\carrito_controller))
 6 SYSTEMPATH\CodeIgniter.php(354): CodeIgniter\CodeIgniter->handleRequest(null, Object(Config\Cache), false)
 7 SYSTEMPATH\Boot.php(334): CodeIgniter\CodeIgniter->run()
 8 SYSTEMPATH\Boot.php(67): CodeIgniter\Boot::runCodeIgniter(Object(CodeIgniter\CodeIgniter))
 9 FCPATH\index.php(56): CodeIgniter\Boot::bootWeb(Object(Config\Paths))
DEBUG - 2025-06-27 21:40:56 --> Session: Class initialized using 'CodeIgniter\Session\Handlers\FileHandler' driver.
INFO - 2025-06-27 21:40:56 --> Cart Class Initialized
CRITICAL - 2025-06-27 21:40:56 --> CodeIgniter\View\Exceptions\ViewException: Invalid file: "busqueda_productos.php"
[Method: GET, Route: buscar]
in SYSTEMPATH\Exceptions\FrameworkException.php on line 39.
 1 SYSTEMPATH\View\View.php(212): CodeIgniter\Exceptions\FrameworkException::forInvalidFile('busqueda_productos.php')
 2 SYSTEMPATH\Common.php(1173): CodeIgniter\View\View->render('busqueda_productos', [], true)
 3 APPPATH\Controllers\carrito_controller.php(145): view('busqueda_productos', [...])
 4 SYSTEMPATH\CodeIgniter.php(933): App\Controllers\carrito_controller->buscar()
 5 SYSTEMPATH\CodeIgniter.php(507): CodeIgniter\CodeIgniter->runController(Object(App\Controllers\carrito_controller))
 6 SYSTEMPATH\CodeIgniter.php(354): CodeIgniter\CodeIgniter->handleRequest(null, Object(Config\Cache), false)
 7 SYSTEMPATH\Boot.php(334): CodeIgniter\CodeIgniter->run()
 8 SYSTEMPATH\Boot.php(67): CodeIgniter\Boot::runCodeIgniter(Object(CodeIgniter\CodeIgniter))
 9 FCPATH\index.php(56): CodeIgniter\Boot::bootWeb(Object(Config\Paths))
DEBUG - 2025-06-27 21:43:02 --> Session: Class initialized using 'CodeIgniter\Session\Handlers\FileHandler' driver.
INFO - 2025-06-27 21:43:02 --> Cart Class Initialized
CRITICAL - 2025-06-27 21:43:02 --> ErrorException: Undefined variable $titulo
[Method: GET, Route: buscar]
in APPPATH\Views\front\head_view.php on line 9.
 1 APPPATH\Views\front\head_view.php(9): CodeIgniter\Debug\Exceptions->errorHandler(2, 'Undefined variable $titulo', 'C:\\xampp\\htdocs\\proyecto_gon_lezcano\\app\\Views\\front\\head_view.php', 9)
 2 SYSTEMPATH\View\View.php(224): include('C:\\xampp\\htdocs\\proyecto_gon_lezcano\\app\\Views\\front\\head_view.php')
 3 SYSTEMPATH\View\View.php(227): CodeIgniter\View\View->CodeIgniter\View\{closure}()
 4 SYSTEMPATH\View\View.php(475): CodeIgniter\View\View->render('front/head_view', null, true)
 5 APPPATH\Views\back\productos\busqueda_productos.php(1): CodeIgniter\View\View->include('front/head_view')
 6 SYSTEMPATH\View\View.php(224): include('C:\\xampp\\htdocs\\proyecto_gon_lezcano\\app\\Views\\back\\productos\\busqueda_productos.php')
 7 SYSTEMPATH\View\View.php(227): CodeIgniter\View\View->CodeIgniter\View\{closure}()
 8 SYSTEMPATH\Common.php(1173): CodeIgniter\View\View->render('back/productos/busqueda_productos', [], true)
 9 APPPATH\Controllers\carrito_controller.php(145): view('back/productos/busqueda_productos', [...])
10 SYSTEMPATH\CodeIgniter.php(933): App\Controllers\carrito_controller->buscar()
11 SYSTEMPATH\CodeIgniter.php(507): CodeIgniter\CodeIgniter->runController(Object(App\Controllers\carrito_controller))
12 SYSTEMPATH\CodeIgniter.php(354): CodeIgniter\CodeIgniter->handleRequest(null, Object(Config\Cache), false)
13 SYSTEMPATH\Boot.php(334): CodeIgniter\CodeIgniter->run()
14 SYSTEMPATH\Boot.php(67): CodeIgniter\Boot::runCodeIgniter(Object(CodeIgniter\CodeIgniter))
15 FCPATH\index.php(56): CodeIgniter\Boot::bootWeb(Object(Config\Paths))
DEBUG - 2025-06-27 21:44:59 --> Session: Class initialized using 'CodeIgniter\Session\Handlers\FileHandler' driver.
DEBUG - 2025-06-27 21:45:01 --> Session: Class initialized using 'CodeIgniter\Session\Handlers\FileHandler' driver.
INFO - 2025-06-27 21:45:01 --> Cart Class Initialized
CRITICAL - 2025-06-27 21:45:01 --> ErrorException: Undefined variable $titulo
[Method: GET, Route: buscar]
in APPPATH\Views\front\head_view.php on line 9.
 1 APPPATH\Views\front\head_view.php(9): CodeIgniter\Debug\Exceptions->errorHandler(2, 'Undefined variable $titulo', 'C:\\xampp\\htdocs\\proyecto_gon_lezcano\\app\\Views\\front\\head_view.php', 9)
 2 SYSTEMPATH\View\View.php(224): include('C:\\xampp\\htdocs\\proyecto_gon_lezcano\\app\\Views\\front\\head_view.php')
 3 SYSTEMPATH\View\View.php(227): CodeIgniter\View\View->CodeIgniter\View\{closure}()
 4 SYSTEMPATH\View\View.php(475): CodeIgniter\View\View->render('front/head_view', null, true)
 5 APPPATH\Views\back\productos\busqueda_productos.php(2): CodeIgniter\View\View->include('front/head_view')
 6 SYSTEMPATH\View\View.php(224): include('C:\\xampp\\htdocs\\proyecto_gon_lezcano\\app\\Views\\back\\productos\\busqueda_productos.php')
 7 SYSTEMPATH\View\View.php(227): CodeIgniter\View\View->CodeIgniter\View\{closure}()
 8 SYSTEMPATH\Common.php(1173): CodeIgniter\View\View->render('back/productos/busqueda_productos', [], true)
 9 APPPATH\Controllers\carrito_controller.php(145): view('back/productos/busqueda_productos', [...])
10 SYSTEMPATH\CodeIgniter.php(933): App\Controllers\carrito_controller->buscar()
11 SYSTEMPATH\CodeIgniter.php(507): CodeIgniter\CodeIgniter->runController(Object(App\Controllers\carrito_controller))
12 SYSTEMPATH\CodeIgniter.php(354): CodeIgniter\CodeIgniter->handleRequest(null, Object(Config\Cache), false)
13 SYSTEMPATH\Boot.php(334): CodeIgniter\CodeIgniter->run()
14 SYSTEMPATH\Boot.php(67): CodeIgniter\Boot::runCodeIgniter(Object(CodeIgniter\CodeIgniter))
15 FCPATH\index.php(56): CodeIgniter\Boot::bootWeb(Object(Config\Paths))
DEBUG - 2025-06-27 21:47:05 --> Session: Class initialized using 'CodeIgniter\Session\Handlers\FileHandler' driver.
INFO - 2025-06-27 21:47:05 --> Cart Class Initialized
CRITICAL - 2025-06-27 21:47:05 --> ErrorException: Array to string conversion
[Method: GET, Route: buscar]
in APPPATH\Views\back\productos\busqueda_productos.php on line 2.
 1 APPPATH\Views\back\productos\busqueda_productos.php(2): CodeIgniter\Debug\Exceptions->errorHandler(2, 'Array to string conversion', 'C:\\xampp\\htdocs\\proyecto_gon_lezcano\\app\\Views\\back\\productos\\busqueda_productos.php', 2)
 2 SYSTEMPATH\View\View.php(224): include('C:\\xampp\\htdocs\\proyecto_gon_lezcano\\app\\Views\\back\\productos\\busqueda_productos.php')
 3 SYSTEMPATH\View\View.php(227): CodeIgniter\View\View->CodeIgniter\View\{closure}()
 4 SYSTEMPATH\Common.php(1173): CodeIgniter\View\View->render('back/productos/busqueda_productos', [], true)
 5 APPPATH\Controllers\carrito_controller.php(148): view('back/productos/busqueda_productos', [...])
 6 SYSTEMPATH\CodeIgniter.php(933): App\Controllers\carrito_controller->buscar()
 7 SYSTEMPATH\CodeIgniter.php(507): CodeIgniter\CodeIgniter->runController(Object(App\Controllers\carrito_controller))
 8 SYSTEMPATH\CodeIgniter.php(354): CodeIgniter\CodeIgniter->handleRequest(null, Object(Config\Cache), false)
 9 SYSTEMPATH\Boot.php(334): CodeIgniter\CodeIgniter->run()
10 SYSTEMPATH\Boot.php(67): CodeIgniter\Boot::runCodeIgniter(Object(CodeIgniter\CodeIgniter))
11 FCPATH\index.php(56): CodeIgniter\Boot::bootWeb(Object(Config\Paths))
DEBUG - 2025-06-27 21:47:26 --> Session: Class initialized using 'CodeIgniter\Session\Handlers\FileHandler' driver.
INFO - 2025-06-27 21:47:26 --> Cart Class Initialized
DEBUG - 2025-06-27 21:47:40 --> Session: Class initialized using 'CodeIgniter\Session\Handlers\FileHandler' driver.
INFO - 2025-06-27 21:47:40 --> Cart Class Initialized
DEBUG - 2025-06-27 21:50:21 --> Session: Class initialized using 'CodeIgniter\Session\Handlers\FileHandler' driver.
INFO - 2025-06-27 21:50:21 --> Cart Class Initialized
DEBUG - 2025-06-27 21:50:25 --> Session: Class initialized using 'CodeIgniter\Session\Handlers\FileHandler' driver.
INFO - 2025-06-27 21:50:25 --> Cart Class Initialized
DEBUG - 2025-06-27 21:50:29 --> Session: Class initialized using 'CodeIgniter\Session\Handlers\FileHandler' driver.
INFO - 2025-06-27 21:50:29 --> Cart Class Initialized
DEBUG - 2025-06-27 21:59:05 --> Session: Class initialized using 'CodeIgniter\Session\Handlers\FileHandler' driver.
INFO - 2025-06-27 21:59:05 --> Cart Class Initialized
DEBUG - 2025-06-27 22:00:28 --> Session: Class initialized using 'CodeIgniter\Session\Handlers\FileHandler' driver.
INFO - 2025-06-27 22:00:28 --> Cart Class Initialized
CRITICAL - 2025-06-27 22:00:28 --> ErrorException: Undefined variable $row
[Method: GET, Route: buscar]
in APPPATH\Views\back\productos\busqueda_productos.php on line 9.
 1 APPPATH\Views\back\productos\busqueda_productos.php(9): CodeIgniter\Debug\Exceptions->errorHandler(2, 'Undefined variable $row', 'C:\\xampp\\htdocs\\proyecto_gon_lezcano\\app\\Views\\back\\productos\\busqueda_productos.php', 9)
 2 SYSTEMPATH\View\View.php(224): include('C:\\xampp\\htdocs\\proyecto_gon_lezcano\\app\\Views\\back\\productos\\busqueda_productos.php')
 3 SYSTEMPATH\View\View.php(227): CodeIgniter\View\View->CodeIgniter\View\{closure}()
 4 SYSTEMPATH\Common.php(1173): CodeIgniter\View\View->render('back/productos/busqueda_productos', [], true)
 5 APPPATH\Controllers\carrito_controller.php(148): view('back/productos/busqueda_productos', [...])
 6 SYSTEMPATH\CodeIgniter.php(933): App\Controllers\carrito_controller->buscar()
 7 SYSTEMPATH\CodeIgniter.php(507): CodeIgniter\CodeIgniter->runController(Object(App\Controllers\carrito_controller))
 8 SYSTEMPATH\CodeIgniter.php(354): CodeIgniter\CodeIgniter->handleRequest(null, Object(Config\Cache), false)
 9 SYSTEMPATH\Boot.php(334): CodeIgniter\CodeIgniter->run()
10 SYSTEMPATH\Boot.php(67): CodeIgniter\Boot::runCodeIgniter(Object(CodeIgniter\CodeIgniter))
11 FCPATH\index.php(56): CodeIgniter\Boot::bootWeb(Object(Config\Paths))
DEBUG - 2025-06-27 22:00:52 --> Session: Class initialized using 'CodeIgniter\Session\Handlers\FileHandler' driver.
INFO - 2025-06-27 22:00:52 --> Cart Class Initialized
DEBUG - 2025-06-27 22:00:55 --> Session: Class initialized using 'CodeIgniter\Session\Handlers\FileHandler' driver.
INFO - 2025-06-27 22:00:55 --> Cart Class Initialized
DEBUG - 2025-06-27 22:01:04 --> Session: Class initialized using 'CodeIgniter\Session\Handlers\FileHandler' driver.
INFO - 2025-06-27 22:01:04 --> Cart Class Initialized
DEBUG - 2025-06-27 22:03:08 --> Session: Class initialized using 'CodeIgniter\Session\Handlers\FileHandler' driver.
INFO - 2025-06-27 22:03:08 --> Cart Class Initialized
DEBUG - 2025-06-27 22:03:10 --> Session: Class initialized using 'CodeIgniter\Session\Handlers\FileHandler' driver.
DEBUG - 2025-06-27 22:03:10 --> Session: Class initialized using 'CodeIgniter\Session\Handlers\FileHandler' driver.
DEBUG - 2025-06-27 22:03:14 --> Session: Class initialized using 'CodeIgniter\Session\Handlers\FileHandler' driver.
INFO - 2025-06-27 22:03:14 --> Cart Class Initialized
