DEBUG - 2025-06-13 14:32:34 --> Session: Class initialized using 'CodeIgniter\Session\Handlers\FileHandler' driver.
DEBUG - 2025-06-13 14:32:36 --> Session: Class initialized using 'CodeIgniter\Session\Handlers\FileHandler' driver.
DEBUG - 2025-06-13 14:33:02 --> Session: Class initialized using 'CodeIgniter\Session\Handlers\FileHandler' driver.
DEBUG - 2025-06-13 14:33:02 --> Session: Class initialized using 'CodeIgniter\Session\Handlers\FileHandler' driver.
DEBUG - 2025-06-13 14:34:34 --> Session: Class initialized using 'CodeIgniter\Session\Handlers\FileHandler' driver.
DEBUG - 2025-06-13 14:35:52 --> Session: Class initialized using 'CodeIgniter\Session\Handlers\FileHandler' driver.
DEBUG - 2025-06-13 14:38:36 --> Session: Class initialized using 'CodeIgniter\Session\Handlers\FileHandler' driver.
DEBUG - 2025-06-13 14:38:39 --> Session: Class initialized using 'CodeIgniter\Session\Handlers\FileHandler' driver.
DEBUG - 2025-06-13 14:38:39 --> Session: Class initialized using 'CodeIgniter\Session\Handlers\FileHandler' driver.
DEBUG - 2025-06-13 14:38:40 --> Session: Class initialized using 'CodeIgniter\Session\Handlers\FileHandler' driver.
DEBUG - 2025-06-13 14:38:43 --> Session: Class initialized using 'CodeIgniter\Session\Handlers\FileHandler' driver.
DEBUG - 2025-06-13 14:38:43 --> Session: Class initialized using 'CodeIgniter\Session\Handlers\FileHandler' driver.
DEBUG - 2025-06-13 14:38:49 --> Session: Class initialized using 'CodeIgniter\Session\Handlers\FileHandler' driver.
INFO - 2025-06-13 14:38:49 --> Cart Class Initialized
DEBUG - 2025-06-13 14:38:51 --> Session: Class initialized using 'CodeIgniter\Session\Handlers\FileHandler' driver.
INFO - 2025-06-13 14:38:51 --> Cart Class Initialized
DEBUG - 2025-06-13 14:38:51 --> POST: Array
(
    [csrf_test_name] => bcced4714fba3c795cd99b74efee4aa5
    [id] => 8
    [precio_vta] => 2000.00
    [nombre_prod] => My Man Godfrey
    [imagen] => 1749065894_b9e36c572dbfa9f73ed6.jpg
    [action] => Agregar al Carrito
)

DEBUG - 2025-06-13 14:38:51 --> Session: Class initialized using 'CodeIgniter\Session\Handlers\FileHandler' driver.
INFO - 2025-06-13 14:38:51 --> Cart Class Initialized
DEBUG - 2025-06-13 14:38:52 --> Session: Class initialized using 'CodeIgniter\Session\Handlers\FileHandler' driver.
INFO - 2025-06-13 14:38:52 --> Cart Class Initialized
DEBUG - 2025-06-13 14:39:18 --> Session: Class initialized using 'CodeIgniter\Session\Handlers\FileHandler' driver.
INFO - 2025-06-13 14:39:18 --> Cart Class Initialized
DEBUG - 2025-06-13 14:39:18 --> Session: Class initialized using 'CodeIgniter\Session\Handlers\FileHandler' driver.
DEBUG - 2025-06-13 14:39:22 --> Session: Class initialized using 'CodeIgniter\Session\Handlers\FileHandler' driver.
INFO - 2025-06-13 14:39:22 --> Cart Class Initialized
DEBUG - 2025-06-13 14:39:22 --> POST: Array
(
    [csrf_test_name] => bcced4714fba3c795cd99b74efee4aa5
    [id] => 8
    [precio_vta] => 2000.00
    [nombre_prod] => My Man Godfrey
    [imagen] => 1749065894_b9e36c572dbfa9f73ed6.jpg
    [action] => Agregar al Carrito
)

DEBUG - 2025-06-13 14:39:22 --> Session: Class initialized using 'CodeIgniter\Session\Handlers\FileHandler' driver.
INFO - 2025-06-13 14:39:22 --> Cart Class Initialized
DEBUG - 2025-06-13 14:39:23 --> Session: Class initialized using 'CodeIgniter\Session\Handlers\FileHandler' driver.
INFO - 2025-06-13 14:39:23 --> Cart Class Initialized
DEBUG - 2025-06-13 14:39:23 --> Session: Class initialized using 'CodeIgniter\Session\Handlers\FileHandler' driver.
DEBUG - 2025-06-13 14:39:39 --> Session: Class initialized using 'CodeIgniter\Session\Handlers\FileHandler' driver.
INFO - 2025-06-13 14:39:39 --> Cart Class Initialized
DEBUG - 2025-06-13 14:39:39 --> Session: Class initialized using 'CodeIgniter\Session\Handlers\FileHandler' driver.
INFO - 2025-06-13 14:39:39 --> Cart Class Initialized
DEBUG - 2025-06-13 14:39:42 --> Session: Class initialized using 'CodeIgniter\Session\Handlers\FileHandler' driver.
INFO - 2025-06-13 14:39:42 --> Cart Class Initialized
DEBUG - 2025-06-13 14:39:44 --> Session: Class initialized using 'CodeIgniter\Session\Handlers\FileHandler' driver.
INFO - 2025-06-13 14:39:44 --> Cart Class Initialized
DEBUG - 2025-06-13 14:39:44 --> POST: Array
(
    [csrf_test_name] => bcced4714fba3c795cd99b74efee4aa5
    [id] => 8
    [precio_vta] => 2000.00
    [nombre_prod] => My Man Godfrey
    [imagen] => 1749065894_b9e36c572dbfa9f73ed6.jpg
    [action] => Agregar al Carrito
)

DEBUG - 2025-06-13 14:39:44 --> Session: Class initialized using 'CodeIgniter\Session\Handlers\FileHandler' driver.
INFO - 2025-06-13 14:39:44 --> Cart Class Initialized
DEBUG - 2025-06-13 14:39:46 --> Session: Class initialized using 'CodeIgniter\Session\Handlers\FileHandler' driver.
INFO - 2025-06-13 14:39:46 --> Cart Class Initialized
DEBUG - 2025-06-13 14:39:46 --> Session: Class initialized using 'CodeIgniter\Session\Handlers\FileHandler' driver.
DEBUG - 2025-06-13 14:39:49 --> Session: Class initialized using 'CodeIgniter\Session\Handlers\FileHandler' driver.
INFO - 2025-06-13 14:39:49 --> Cart Class Initialized
DEBUG - 2025-06-13 14:39:49 --> POST: Array
(
    [csrf_test_name] => bcced4714fba3c795cd99b74efee4aa5
    [id] => 8
    [precio_vta] => 2000.00
    [nombre_prod] => My Man Godfrey
    [imagen] => 1749065894_b9e36c572dbfa9f73ed6.jpg
    [action] => Agregar al Carrito
)

DEBUG - 2025-06-13 14:39:49 --> Session: Class initialized using 'CodeIgniter\Session\Handlers\FileHandler' driver.
INFO - 2025-06-13 14:39:49 --> Cart Class Initialized
DEBUG - 2025-06-13 14:39:50 --> Session: Class initialized using 'CodeIgniter\Session\Handlers\FileHandler' driver.
INFO - 2025-06-13 14:39:50 --> Cart Class Initialized
DEBUG - 2025-06-13 14:39:50 --> Session: Class initialized using 'CodeIgniter\Session\Handlers\FileHandler' driver.
DEBUG - 2025-06-13 14:41:42 --> Session: Class initialized using 'CodeIgniter\Session\Handlers\FileHandler' driver.
INFO - 2025-06-13 14:41:42 --> Cart Class Initialized
DEBUG - 2025-06-13 14:41:42 --> Session: Class initialized using 'CodeIgniter\Session\Handlers\FileHandler' driver.
INFO - 2025-06-13 14:41:42 --> Cart Class Initialized
DEBUG - 2025-06-13 14:41:43 --> Session: Class initialized using 'CodeIgniter\Session\Handlers\FileHandler' driver.
INFO - 2025-06-13 14:41:43 --> Cart Class Initialized
DEBUG - 2025-06-13 14:41:45 --> Session: Class initialized using 'CodeIgniter\Session\Handlers\FileHandler' driver.
INFO - 2025-06-13 14:41:45 --> Cart Class Initialized
DEBUG - 2025-06-13 14:41:45 --> POST: Array
(
    [csrf_test_name] => bcced4714fba3c795cd99b74efee4aa5
    [id] => 8
    [precio_vta] => 2000.00
    [nombre_prod] => My Man Godfrey
    [imagen] => 1749065894_b9e36c572dbfa9f73ed6.jpg
    [action] => Agregar al Carrito
)

DEBUG - 2025-06-13 14:41:45 --> Session: Class initialized using 'CodeIgniter\Session\Handlers\FileHandler' driver.
INFO - 2025-06-13 14:41:45 --> Cart Class Initialized
DEBUG - 2025-06-13 14:41:47 --> Session: Class initialized using 'CodeIgniter\Session\Handlers\FileHandler' driver.
INFO - 2025-06-13 14:41:47 --> Cart Class Initialized
DEBUG - 2025-06-13 14:41:47 --> Session: Class initialized using 'CodeIgniter\Session\Handlers\FileHandler' driver.
DEBUG - 2025-06-13 14:42:20 --> Session: Class initialized using 'CodeIgniter\Session\Handlers\FileHandler' driver.
INFO - 2025-06-13 14:42:20 --> Cart Class Initialized
DEBUG - 2025-06-13 14:42:20 --> Session: Class initialized using 'CodeIgniter\Session\Handlers\FileHandler' driver.
INFO - 2025-06-13 14:42:20 --> Cart Class Initialized
DEBUG - 2025-06-13 14:42:21 --> Session: Class initialized using 'CodeIgniter\Session\Handlers\FileHandler' driver.
INFO - 2025-06-13 14:42:21 --> Cart Class Initialized
DEBUG - 2025-06-13 14:42:24 --> Session: Class initialized using 'CodeIgniter\Session\Handlers\FileHandler' driver.
INFO - 2025-06-13 14:42:24 --> Cart Class Initialized
DEBUG - 2025-06-13 14:42:24 --> POST: Array
(
    [csrf_test_name] => bcced4714fba3c795cd99b74efee4aa5
    [id] => 8
    [precio_vta] => 2000.00
    [nombre_prod] => My Man Godfrey
    [imagen] => 1749065894_b9e36c572dbfa9f73ed6.jpg
    [action] => Agregar al Carrito
)

DEBUG - 2025-06-13 14:42:24 --> Session: Class initialized using 'CodeIgniter\Session\Handlers\FileHandler' driver.
INFO - 2025-06-13 14:42:24 --> Cart Class Initialized
DEBUG - 2025-06-13 14:42:26 --> Session: Class initialized using 'CodeIgniter\Session\Handlers\FileHandler' driver.
INFO - 2025-06-13 14:42:26 --> Cart Class Initialized
DEBUG - 2025-06-13 14:42:26 --> Session: Class initialized using 'CodeIgniter\Session\Handlers\FileHandler' driver.
INFO - 2025-06-13 14:42:26 --> Cart Class Initialized
DEBUG - 2025-06-13 14:42:27 --> Session: Class initialized using 'CodeIgniter\Session\Handlers\FileHandler' driver.
INFO - 2025-06-13 14:42:27 --> Cart Class Initialized
DEBUG - 2025-06-13 14:42:27 --> Session: Class initialized using 'CodeIgniter\Session\Handlers\FileHandler' driver.
INFO - 2025-06-13 14:42:27 --> Cart Class Initialized
DEBUG - 2025-06-13 14:42:28 --> Session: Class initialized using 'CodeIgniter\Session\Handlers\FileHandler' driver.
INFO - 2025-06-13 14:42:28 --> Cart Class Initialized
DEBUG - 2025-06-13 14:42:28 --> Session: Class initialized using 'CodeIgniter\Session\Handlers\FileHandler' driver.
CRITICAL - 2025-06-13 14:42:28 --> Error: Undefined constant "App\Models\null0"
[Method: GET, Route: vista_compras/6]
in APPPATH\Models\ventas_detalle_model.php on line 18.
 1 APPPATH\Controllers\ventas_controller.php(83): App\Models\Ventas_detalle_model->getDetalles('6')
 2 SYSTEMPATH\CodeIgniter.php(933): App\Controllers\Ventas_controller->ver_facturas('6')
 3 SYSTEMPATH\CodeIgniter.php(507): CodeIgniter\CodeIgniter->runController(Object(App\Controllers\Ventas_controller))
 4 SYSTEMPATH\CodeIgniter.php(354): CodeIgniter\CodeIgniter->handleRequest(null, Object(Config\Cache), false)
 5 SYSTEMPATH\Boot.php(334): CodeIgniter\CodeIgniter->run()
 6 SYSTEMPATH\Boot.php(67): CodeIgniter\Boot::runCodeIgniter(Object(CodeIgniter\CodeIgniter))
 7 FCPATH\index.php(56): CodeIgniter\Boot::bootWeb(Object(Config\Paths))
DEBUG - 2025-06-13 14:43:07 --> Session: Class initialized using 'CodeIgniter\Session\Handlers\FileHandler' driver.
INFO - 2025-06-13 14:43:07 --> Cart Class Initialized
DEBUG - 2025-06-13 14:43:08 --> Session: Class initialized using 'CodeIgniter\Session\Handlers\FileHandler' driver.
INFO - 2025-06-13 14:43:08 --> Cart Class Initialized
DEBUG - 2025-06-13 14:43:11 --> Session: Class initialized using 'CodeIgniter\Session\Handlers\FileHandler' driver.
INFO - 2025-06-13 14:43:11 --> Cart Class Initialized
DEBUG - 2025-06-13 14:43:13 --> Session: Class initialized using 'CodeIgniter\Session\Handlers\FileHandler' driver.
INFO - 2025-06-13 14:43:13 --> Cart Class Initialized
DEBUG - 2025-06-13 14:43:13 --> POST: Array
(
    [csrf_test_name] => bcced4714fba3c795cd99b74efee4aa5
    [id] => 5
    [precio_vta] => 2000.00
    [nombre_prod] => The Ghoul
    [imagen] => 1749065785_9644cd8cff78f2a9df2b.jpg
    [action] => Agregar al Carrito
)

DEBUG - 2025-06-13 14:43:13 --> Session: Class initialized using 'CodeIgniter\Session\Handlers\FileHandler' driver.
INFO - 2025-06-13 14:43:13 --> Cart Class Initialized
DEBUG - 2025-06-13 14:43:14 --> Session: Class initialized using 'CodeIgniter\Session\Handlers\FileHandler' driver.
INFO - 2025-06-13 14:43:14 --> Cart Class Initialized
DEBUG - 2025-06-13 14:43:14 --> Session: Class initialized using 'CodeIgniter\Session\Handlers\FileHandler' driver.
CRITICAL - 2025-06-13 14:43:14 --> CodeIgniter\View\Exceptions\ViewException: Invalid file: "front/head_view_crud.php"
[Method: GET, Route: vista_compras/7]
in SYSTEMPATH\Exceptions\FrameworkException.php on line 39.
 1 SYSTEMPATH\View\View.php(212): CodeIgniter\Exceptions\FrameworkException::forInvalidFile('front/head_view_crud.php')
 2 SYSTEMPATH\Common.php(1173): CodeIgniter\View\View->render('front/head_view_crud', [], true)
 3 APPPATH\Controllers\ventas_controller.php(86): view('front/head_view_crud', [...])
 4 SYSTEMPATH\CodeIgniter.php(933): App\Controllers\Ventas_controller->ver_facturas('7')
 5 SYSTEMPATH\CodeIgniter.php(507): CodeIgniter\CodeIgniter->runController(Object(App\Controllers\Ventas_controller))
 6 SYSTEMPATH\CodeIgniter.php(354): CodeIgniter\CodeIgniter->handleRequest(null, Object(Config\Cache), false)
 7 SYSTEMPATH\Boot.php(334): CodeIgniter\CodeIgniter->run()
 8 SYSTEMPATH\Boot.php(67): CodeIgniter\Boot::runCodeIgniter(Object(CodeIgniter\CodeIgniter))
 9 FCPATH\index.php(56): CodeIgniter\Boot::bootWeb(Object(Config\Paths))
DEBUG - 2025-06-13 14:43:29 --> Session: Class initialized using 'CodeIgniter\Session\Handlers\FileHandler' driver.
INFO - 2025-06-13 14:43:29 --> Cart Class Initialized
DEBUG - 2025-06-13 14:43:29 --> Session: Class initialized using 'CodeIgniter\Session\Handlers\FileHandler' driver.
INFO - 2025-06-13 14:43:29 --> Cart Class Initialized
DEBUG - 2025-06-13 14:43:31 --> Session: Class initialized using 'CodeIgniter\Session\Handlers\FileHandler' driver.
INFO - 2025-06-13 14:43:31 --> Cart Class Initialized
DEBUG - 2025-06-13 14:43:33 --> Session: Class initialized using 'CodeIgniter\Session\Handlers\FileHandler' driver.
INFO - 2025-06-13 14:43:33 --> Cart Class Initialized
DEBUG - 2025-06-13 14:43:33 --> POST: Array
(
    [csrf_test_name] => bcced4714fba3c795cd99b74efee4aa5
    [id] => 4
    [precio_vta] => 2000.00
    [nombre_prod] => Nosferatu
    [imagen] => 1749065757_2fdbc5181d92418ea40e.jpg
    [action] => Agregar al Carrito
)

DEBUG - 2025-06-13 14:43:33 --> Session: Class initialized using 'CodeIgniter\Session\Handlers\FileHandler' driver.
INFO - 2025-06-13 14:43:33 --> Cart Class Initialized
DEBUG - 2025-06-13 14:43:37 --> Session: Class initialized using 'CodeIgniter\Session\Handlers\FileHandler' driver.
INFO - 2025-06-13 14:43:37 --> Cart Class Initialized
DEBUG - 2025-06-13 14:43:40 --> Session: Class initialized using 'CodeIgniter\Session\Handlers\FileHandler' driver.
INFO - 2025-06-13 14:43:40 --> Cart Class Initialized
DEBUG - 2025-06-13 14:43:40 --> POST: Array
(
    [csrf_test_name] => bcced4714fba3c795cd99b74efee4aa5
    [id] => 2
    [precio_vta] => 2000.00
    [nombre_prod] => Battle Of The Worlds
    [imagen] => 1749065704_7e21a0fb85564b4aeffc.jpg
    [action] => Agregar al Carrito
)

DEBUG - 2025-06-13 14:43:40 --> Session: Class initialized using 'CodeIgniter\Session\Handlers\FileHandler' driver.
INFO - 2025-06-13 14:43:40 --> Cart Class Initialized
DEBUG - 2025-06-13 14:43:41 --> Session: Class initialized using 'CodeIgniter\Session\Handlers\FileHandler' driver.
INFO - 2025-06-13 14:43:41 --> Cart Class Initialized
DEBUG - 2025-06-13 14:43:41 --> Session: Class initialized using 'CodeIgniter\Session\Handlers\FileHandler' driver.
CRITICAL - 2025-06-13 14:43:41 --> CodeIgniter\View\Exceptions\ViewException: Invalid file: "front/head_view_crud.php"
[Method: GET, Route: vista_compras/8]
in SYSTEMPATH\Exceptions\FrameworkException.php on line 39.
 1 SYSTEMPATH\View\View.php(212): CodeIgniter\Exceptions\FrameworkException::forInvalidFile('front/head_view_crud.php')
 2 SYSTEMPATH\Common.php(1173): CodeIgniter\View\View->render('front/head_view_crud', [], true)
 3 APPPATH\Controllers\ventas_controller.php(86): view('front/head_view_crud', [...])
 4 SYSTEMPATH\CodeIgniter.php(933): App\Controllers\Ventas_controller->ver_facturas('8')
 5 SYSTEMPATH\CodeIgniter.php(507): CodeIgniter\CodeIgniter->runController(Object(App\Controllers\Ventas_controller))
 6 SYSTEMPATH\CodeIgniter.php(354): CodeIgniter\CodeIgniter->handleRequest(null, Object(Config\Cache), false)
 7 SYSTEMPATH\Boot.php(334): CodeIgniter\CodeIgniter->run()
 8 SYSTEMPATH\Boot.php(67): CodeIgniter\Boot::runCodeIgniter(Object(CodeIgniter\CodeIgniter))
 9 FCPATH\index.php(56): CodeIgniter\Boot::bootWeb(Object(Config\Paths))
DEBUG - 2025-06-13 14:44:46 --> Session: Class initialized using 'CodeIgniter\Session\Handlers\FileHandler' driver.
INFO - 2025-06-13 14:44:46 --> Cart Class Initialized
DEBUG - 2025-06-13 14:44:46 --> Session: Class initialized using 'CodeIgniter\Session\Handlers\FileHandler' driver.
INFO - 2025-06-13 14:44:46 --> Cart Class Initialized
DEBUG - 2025-06-13 14:44:47 --> Session: Class initialized using 'CodeIgniter\Session\Handlers\FileHandler' driver.
INFO - 2025-06-13 14:44:47 --> Cart Class Initialized
DEBUG - 2025-06-13 14:44:52 --> Session: Class initialized using 'CodeIgniter\Session\Handlers\FileHandler' driver.
INFO - 2025-06-13 14:44:52 --> Cart Class Initialized
DEBUG - 2025-06-13 14:44:52 --> POST: Array
(
    [csrf_test_name] => bcced4714fba3c795cd99b74efee4aa5
    [id] => 3
    [precio_vta] => 2000.00
    [nombre_prod] => House on Haunted Hill
    [imagen] => 1749065730_a86c680863c55b71d781.jpg
    [action] => Agregar al Carrito
)

DEBUG - 2025-06-13 14:44:52 --> Session: Class initialized using 'CodeIgniter\Session\Handlers\FileHandler' driver.
INFO - 2025-06-13 14:44:52 --> Cart Class Initialized
DEBUG - 2025-06-13 14:44:53 --> Session: Class initialized using 'CodeIgniter\Session\Handlers\FileHandler' driver.
INFO - 2025-06-13 14:44:53 --> Cart Class Initialized
DEBUG - 2025-06-13 14:44:53 --> Session: Class initialized using 'CodeIgniter\Session\Handlers\FileHandler' driver.
CRITICAL - 2025-06-13 14:44:53 --> ParseError: syntax error, unexpected token "<"
[Method: GET, Route: vista_compras/9]
in APPPATH\Views\back\compras\vista_compras.php on line 15.
 1 SYSTEMPATH\View\View.php(227): CodeIgniter\View\View->CodeIgniter\View\{closure}()
 2 SYSTEMPATH\Common.php(1173): CodeIgniter\View\View->render('back/compras/vista_compras', [], true)
 3 APPPATH\Controllers\ventas_controller.php(88): view('back/compras/vista_compras', [...])
 4 SYSTEMPATH\CodeIgniter.php(933): App\Controllers\Ventas_controller->ver_facturas('9')
 5 SYSTEMPATH\CodeIgniter.php(507): CodeIgniter\CodeIgniter->runController(Object(App\Controllers\Ventas_controller))
 6 SYSTEMPATH\CodeIgniter.php(354): CodeIgniter\CodeIgniter->handleRequest(null, Object(Config\Cache), false)
 7 SYSTEMPATH\Boot.php(334): CodeIgniter\CodeIgniter->run()
 8 SYSTEMPATH\Boot.php(67): CodeIgniter\Boot::runCodeIgniter(Object(CodeIgniter\CodeIgniter))
 9 FCPATH\index.php(56): CodeIgniter\Boot::bootWeb(Object(Config\Paths))
DEBUG - 2025-06-13 14:45:58 --> Session: Class initialized using 'CodeIgniter\Session\Handlers\FileHandler' driver.
INFO - 2025-06-13 14:45:58 --> Cart Class Initialized
DEBUG - 2025-06-13 14:45:59 --> Session: Class initialized using 'CodeIgniter\Session\Handlers\FileHandler' driver.
INFO - 2025-06-13 14:45:59 --> Cart Class Initialized
DEBUG - 2025-06-13 14:46:00 --> Session: Class initialized using 'CodeIgniter\Session\Handlers\FileHandler' driver.
INFO - 2025-06-13 14:46:00 --> Cart Class Initialized
DEBUG - 2025-06-13 14:46:02 --> Session: Class initialized using 'CodeIgniter\Session\Handlers\FileHandler' driver.
INFO - 2025-06-13 14:46:02 --> Cart Class Initialized
DEBUG - 2025-06-13 14:46:02 --> POST: Array
(
    [csrf_test_name] => bcced4714fba3c795cd99b74efee4aa5
    [id] => 4
    [precio_vta] => 2000.00
    [nombre_prod] => Nosferatu
    [imagen] => 1749065757_2fdbc5181d92418ea40e.jpg
    [action] => Agregar al Carrito
)

DEBUG - 2025-06-13 14:46:02 --> Session: Class initialized using 'CodeIgniter\Session\Handlers\FileHandler' driver.
INFO - 2025-06-13 14:46:02 --> Cart Class Initialized
DEBUG - 2025-06-13 14:46:03 --> Session: Class initialized using 'CodeIgniter\Session\Handlers\FileHandler' driver.
INFO - 2025-06-13 14:46:03 --> Cart Class Initialized
DEBUG - 2025-06-13 14:46:03 --> Session: Class initialized using 'CodeIgniter\Session\Handlers\FileHandler' driver.
DEBUG - 2025-06-13 14:47:31 --> Session: Class initialized using 'CodeIgniter\Session\Handlers\FileHandler' driver.
INFO - 2025-06-13 14:47:31 --> Cart Class Initialized
DEBUG - 2025-06-13 14:48:00 --> Session: Class initialized using 'CodeIgniter\Session\Handlers\FileHandler' driver.
INFO - 2025-06-13 14:48:00 --> Cart Class Initialized
DEBUG - 2025-06-13 14:48:00 --> POST: Array
(
    [csrf_test_name] => bcced4714fba3c795cd99b74efee4aa5
    [id] => 6
    [precio_vta] => 2000.00
    [nombre_prod] => The Great Dictator
    [imagen] => 1749065813_1be18e1096b0bdb84aa1.jpg
    [action] => Agregar al Carrito
)

DEBUG - 2025-06-13 14:48:00 --> Session: Class initialized using 'CodeIgniter\Session\Handlers\FileHandler' driver.
INFO - 2025-06-13 14:48:00 --> Cart Class Initialized
DEBUG - 2025-06-13 14:48:01 --> Session: Class initialized using 'CodeIgniter\Session\Handlers\FileHandler' driver.
INFO - 2025-06-13 14:48:01 --> Cart Class Initialized
DEBUG - 2025-06-13 14:48:01 --> Session: Class initialized using 'CodeIgniter\Session\Handlers\FileHandler' driver.
DEBUG - 2025-06-13 14:48:11 --> Session: Class initialized using 'CodeIgniter\Session\Handlers\FileHandler' driver.
INFO - 2025-06-13 14:48:11 --> Cart Class Initialized
DEBUG - 2025-06-13 14:48:14 --> Session: Class initialized using 'CodeIgniter\Session\Handlers\FileHandler' driver.
INFO - 2025-06-13 14:48:14 --> Cart Class Initialized
DEBUG - 2025-06-13 14:48:14 --> POST: Array
(
    [csrf_test_name] => bcced4714fba3c795cd99b74efee4aa5
    [id] => 5
    [precio_vta] => 2000.00
    [nombre_prod] => The Ghoul
    [imagen] => 1749065785_9644cd8cff78f2a9df2b.jpg
    [action] => Agregar al Carrito
)

DEBUG - 2025-06-13 14:48:14 --> Session: Class initialized using 'CodeIgniter\Session\Handlers\FileHandler' driver.
INFO - 2025-06-13 14:48:14 --> Cart Class Initialized
DEBUG - 2025-06-13 14:48:15 --> Session: Class initialized using 'CodeIgniter\Session\Handlers\FileHandler' driver.
INFO - 2025-06-13 14:48:15 --> Cart Class Initialized
DEBUG - 2025-06-13 14:48:15 --> Session: Class initialized using 'CodeIgniter\Session\Handlers\FileHandler' driver.
DEBUG - 2025-06-13 14:48:20 --> Session: Class initialized using 'CodeIgniter\Session\Handlers\FileHandler' driver.
INFO - 2025-06-13 14:48:20 --> Cart Class Initialized
DEBUG - 2025-06-13 14:48:22 --> Session: Class initialized using 'CodeIgniter\Session\Handlers\FileHandler' driver.
INFO - 2025-06-13 14:48:22 --> Cart Class Initialized
DEBUG - 2025-06-13 14:48:25 --> Session: Class initialized using 'CodeIgniter\Session\Handlers\FileHandler' driver.
INFO - 2025-06-13 14:48:25 --> Cart Class Initialized
DEBUG - 2025-06-13 14:48:29 --> Session: Class initialized using 'CodeIgniter\Session\Handlers\FileHandler' driver.
INFO - 2025-06-13 14:48:29 --> Cart Class Initialized
DEBUG - 2025-06-13 14:48:29 --> POST: Array
(
    [csrf_test_name] => bcced4714fba3c795cd99b74efee4aa5
    [id] => 6
    [precio_vta] => 2000.00
    [nombre_prod] => The Great Dictator
    [imagen] => 1749065813_1be18e1096b0bdb84aa1.jpg
    [action] => Agregar al Carrito
)

DEBUG - 2025-06-13 14:48:29 --> Session: Class initialized using 'CodeIgniter\Session\Handlers\FileHandler' driver.
INFO - 2025-06-13 14:48:29 --> Cart Class Initialized
DEBUG - 2025-06-13 14:48:32 --> Session: Class initialized using 'CodeIgniter\Session\Handlers\FileHandler' driver.
INFO - 2025-06-13 14:48:32 --> Cart Class Initialized
DEBUG - 2025-06-13 14:48:32 --> Session: Class initialized using 'CodeIgniter\Session\Handlers\FileHandler' driver.
DEBUG - 2025-06-13 14:48:37 --> Session: Class initialized using 'CodeIgniter\Session\Handlers\FileHandler' driver.
INFO - 2025-06-13 14:48:37 --> Cart Class Initialized
DEBUG - 2025-06-13 14:48:40 --> Session: Class initialized using 'CodeIgniter\Session\Handlers\FileHandler' driver.
INFO - 2025-06-13 14:48:40 --> Cart Class Initialized
DEBUG - 2025-06-13 14:48:40 --> POST: Array
(
    [csrf_test_name] => bcced4714fba3c795cd99b74efee4aa5
    [id] => 5
    [precio_vta] => 2000.00
    [nombre_prod] => The Ghoul
    [imagen] => 1749065785_9644cd8cff78f2a9df2b.jpg
    [action] => Agregar al Carrito
)

DEBUG - 2025-06-13 14:48:40 --> Session: Class initialized using 'CodeIgniter\Session\Handlers\FileHandler' driver.
INFO - 2025-06-13 14:48:40 --> Cart Class Initialized
DEBUG - 2025-06-13 14:48:41 --> Session: Class initialized using 'CodeIgniter\Session\Handlers\FileHandler' driver.
INFO - 2025-06-13 14:48:41 --> Cart Class Initialized
DEBUG - 2025-06-13 14:48:41 --> Session: Class initialized using 'CodeIgniter\Session\Handlers\FileHandler' driver.
DEBUG - 2025-06-13 14:49:19 --> Session: Class initialized using 'CodeIgniter\Session\Handlers\FileHandler' driver.
DEBUG - 2025-06-13 14:49:28 --> Session: Class initialized using 'CodeIgniter\Session\Handlers\FileHandler' driver.
DEBUG - 2025-06-13 14:49:36 --> Session: Class initialized using 'CodeIgniter\Session\Handlers\FileHandler' driver.
DEBUG - 2025-06-13 14:49:46 --> Session: Class initialized using 'CodeIgniter\Session\Handlers\FileHandler' driver.
DEBUG - 2025-06-13 14:51:55 --> Session: Class initialized using 'CodeIgniter\Session\Handlers\FileHandler' driver.
INFO - 2025-06-13 14:51:55 --> Cart Class Initialized
DEBUG - 2025-06-13 14:51:58 --> Session: Class initialized using 'CodeIgniter\Session\Handlers\FileHandler' driver.
INFO - 2025-06-13 14:51:58 --> Cart Class Initialized
DEBUG - 2025-06-13 14:51:58 --> POST: Array
(
    [csrf_test_name] => bcced4714fba3c795cd99b74efee4aa5
    [id] => 7
    [precio_vta] => 2000.00
    [nombre_prod] => Duck Soup
    [imagen] => 1749065846_993e7737cff769c675c5.jpg
    [action] => Agregar al Carrito
)

DEBUG - 2025-06-13 14:51:58 --> Session: Class initialized using 'CodeIgniter\Session\Handlers\FileHandler' driver.
INFO - 2025-06-13 14:51:58 --> Cart Class Initialized
DEBUG - 2025-06-13 14:51:59 --> Session: Class initialized using 'CodeIgniter\Session\Handlers\FileHandler' driver.
INFO - 2025-06-13 14:51:59 --> Cart Class Initialized
DEBUG - 2025-06-13 14:53:45 --> Session: Class initialized using 'CodeIgniter\Session\Handlers\FileHandler' driver.
INFO - 2025-06-13 14:53:45 --> Cart Class Initialized
DEBUG - 2025-06-13 14:53:46 --> Session: Class initialized using 'CodeIgniter\Session\Handlers\FileHandler' driver.
DEBUG - 2025-06-13 14:55:54 --> Session: Class initialized using 'CodeIgniter\Session\Handlers\FileHandler' driver.
DEBUG - 2025-06-13 14:55:56 --> Session: Class initialized using 'CodeIgniter\Session\Handlers\FileHandler' driver.
INFO - 2025-06-13 14:55:56 --> Cart Class Initialized
DEBUG - 2025-06-13 14:55:58 --> Session: Class initialized using 'CodeIgniter\Session\Handlers\FileHandler' driver.
INFO - 2025-06-13 14:55:58 --> Cart Class Initialized
ERROR - 2025-06-13 14:55:58 --> An invalid name was submitted as the product name: 20,000 Leagues Under The Sea The name can only contain alpha-numeric characters, dashes, underscores, colons, and spaces
DEBUG - 2025-06-13 14:55:58 --> POST: Array
(
    [csrf_test_name] => bcced4714fba3c795cd99b74efee4aa5
    [id] => 9
    [precio_vta] => 2000.00
    [nombre_prod] => 20,000 Leagues Under The Sea
    [imagen] => 1749065964_62c5b81b1d64b37a05b3.jpg
    [action] => Agregar al Carrito
)

DEBUG - 2025-06-13 14:55:58 --> Session: Class initialized using 'CodeIgniter\Session\Handlers\FileHandler' driver.
INFO - 2025-06-13 14:55:58 --> Cart Class Initialized
DEBUG - 2025-06-13 14:56:00 --> Session: Class initialized using 'CodeIgniter\Session\Handlers\FileHandler' driver.
INFO - 2025-06-13 14:56:00 --> Cart Class Initialized
DEBUG - 2025-06-13 14:56:01 --> Session: Class initialized using 'CodeIgniter\Session\Handlers\FileHandler' driver.
INFO - 2025-06-13 14:56:01 --> Cart Class Initialized
DEBUG - 2025-06-13 14:56:01 --> POST: Array
(
    [csrf_test_name] => bcced4714fba3c795cd99b74efee4aa5
    [id] => 5
    [precio_vta] => 2000.00
    [nombre_prod] => The Ghoul
    [imagen] => 1749065785_9644cd8cff78f2a9df2b.jpg
    [action] => Agregar al Carrito
)

DEBUG - 2025-06-13 14:56:02 --> Session: Class initialized using 'CodeIgniter\Session\Handlers\FileHandler' driver.
INFO - 2025-06-13 14:56:02 --> Cart Class Initialized
DEBUG - 2025-06-13 14:56:02 --> Session: Class initialized using 'CodeIgniter\Session\Handlers\FileHandler' driver.
INFO - 2025-06-13 14:56:02 --> Cart Class Initialized
DEBUG - 2025-06-13 14:56:03 --> Session: Class initialized using 'CodeIgniter\Session\Handlers\FileHandler' driver.
DEBUG - 2025-06-13 15:02:17 --> Session: Class initialized using 'CodeIgniter\Session\Handlers\FileHandler' driver.
INFO - 2025-06-13 15:02:17 --> Cart Class Initialized
DEBUG - 2025-06-13 15:02:20 --> Session: Class initialized using 'CodeIgniter\Session\Handlers\FileHandler' driver.
INFO - 2025-06-13 15:02:20 --> Cart Class Initialized
DEBUG - 2025-06-13 15:02:20 --> POST: Array
(
    [csrf_test_name] => bcced4714fba3c795cd99b74efee4aa5
    [id] => 5
    [precio_vta] => 2000.00
    [nombre_prod] => The Ghoul
    [imagen] => 1749065785_9644cd8cff78f2a9df2b.jpg
    [action] => Agregar al Carrito
)

DEBUG - 2025-06-13 15:02:20 --> Session: Class initialized using 'CodeIgniter\Session\Handlers\FileHandler' driver.
INFO - 2025-06-13 15:02:20 --> Cart Class Initialized
DEBUG - 2025-06-13 15:02:21 --> Session: Class initialized using 'CodeIgniter\Session\Handlers\FileHandler' driver.
INFO - 2025-06-13 15:02:21 --> Cart Class Initialized
DEBUG - 2025-06-13 15:02:21 --> Session: Class initialized using 'CodeIgniter\Session\Handlers\FileHandler' driver.
DEBUG - 2025-06-13 15:02:28 --> Session: Class initialized using 'CodeIgniter\Session\Handlers\FileHandler' driver.
INFO - 2025-06-13 15:02:28 --> Cart Class Initialized
DEBUG - 2025-06-13 15:02:28 --> Session: Class initialized using 'CodeIgniter\Session\Handlers\FileHandler' driver.
INFO - 2025-06-13 15:02:28 --> Cart Class Initialized
DEBUG - 2025-06-13 15:02:31 --> Session: Class initialized using 'CodeIgniter\Session\Handlers\FileHandler' driver.
INFO - 2025-06-13 15:02:31 --> Cart Class Initialized
DEBUG - 2025-06-13 15:02:43 --> Session: Class initialized using 'CodeIgniter\Session\Handlers\FileHandler' driver.
INFO - 2025-06-13 15:02:43 --> Cart Class Initialized
DEBUG - 2025-06-13 15:02:43 --> POST: Array
(
    [csrf_test_name] => bcced4714fba3c795cd99b74efee4aa5
    [id] => 6
    [precio_vta] => 2000.00
    [nombre_prod] => The Great Dictator
    [imagen] => 1749065813_1be18e1096b0bdb84aa1.jpg
    [action] => Agregar al Carrito
)

DEBUG - 2025-06-13 15:02:43 --> Session: Class initialized using 'CodeIgniter\Session\Handlers\FileHandler' driver.
INFO - 2025-06-13 15:02:43 --> Cart Class Initialized
DEBUG - 2025-06-13 15:02:44 --> Session: Class initialized using 'CodeIgniter\Session\Handlers\FileHandler' driver.
INFO - 2025-06-13 15:02:44 --> Cart Class Initialized
DEBUG - 2025-06-13 15:02:45 --> Session: Class initialized using 'CodeIgniter\Session\Handlers\FileHandler' driver.
DEBUG - 2025-06-13 15:02:57 --> Session: Class initialized using 'CodeIgniter\Session\Handlers\FileHandler' driver.
INFO - 2025-06-13 15:02:57 --> Cart Class Initialized
DEBUG - 2025-06-13 15:02:59 --> Session: Class initialized using 'CodeIgniter\Session\Handlers\FileHandler' driver.
INFO - 2025-06-13 15:02:59 --> Cart Class Initialized
DEBUG - 2025-06-13 15:03:00 --> Session: Class initialized using 'CodeIgniter\Session\Handlers\FileHandler' driver.
INFO - 2025-06-13 15:03:00 --> Cart Class Initialized
DEBUG - 2025-06-13 15:03:00 --> Session: Class initialized using 'CodeIgniter\Session\Handlers\FileHandler' driver.
INFO - 2025-06-13 15:03:00 --> Cart Class Initialized
DEBUG - 2025-06-13 15:03:01 --> Session: Class initialized using 'CodeIgniter\Session\Handlers\FileHandler' driver.
INFO - 2025-06-13 15:03:01 --> Cart Class Initialized
DEBUG - 2025-06-13 15:03:04 --> Session: Class initialized using 'CodeIgniter\Session\Handlers\FileHandler' driver.
INFO - 2025-06-13 15:03:04 --> Cart Class Initialized
DEBUG - 2025-06-13 15:03:04 --> POST: Array
(
    [csrf_test_name] => bcced4714fba3c795cd99b74efee4aa5
    [id] => 7
    [precio_vta] => 2000.00
    [nombre_prod] => Duck Soup
    [imagen] => 1749065846_993e7737cff769c675c5.jpg
    [action] => Agregar al Carrito
)

DEBUG - 2025-06-13 15:03:04 --> Session: Class initialized using 'CodeIgniter\Session\Handlers\FileHandler' driver.
INFO - 2025-06-13 15:03:04 --> Cart Class Initialized
DEBUG - 2025-06-13 15:03:05 --> Session: Class initialized using 'CodeIgniter\Session\Handlers\FileHandler' driver.
INFO - 2025-06-13 15:03:05 --> Cart Class Initialized
DEBUG - 2025-06-13 15:03:05 --> Session: Class initialized using 'CodeIgniter\Session\Handlers\FileHandler' driver.
DEBUG - 2025-06-13 15:03:12 --> Session: Class initialized using 'CodeIgniter\Session\Handlers\FileHandler' driver.
INFO - 2025-06-13 15:03:12 --> Cart Class Initialized
DEBUG - 2025-06-13 15:04:00 --> Session: Class initialized using 'CodeIgniter\Session\Handlers\FileHandler' driver.
INFO - 2025-06-13 15:04:00 --> Cart Class Initialized
DEBUG - 2025-06-13 15:08:31 --> Session: Class initialized using 'CodeIgniter\Session\Handlers\FileHandler' driver.
INFO - 2025-06-13 15:08:31 --> Cart Class Initialized
CRITICAL - 2025-06-13 15:08:31 --> ParseError: syntax error, unexpected variable "$cart"
[Method: GET, Route: muestro]
in APPPATH\Views\back\carrito\carrito_parte_view.php on line 24.
 1 SYSTEMPATH\View\View.php(227): CodeIgniter\View\View->CodeIgniter\View\{closure}()
 2 SYSTEMPATH\Common.php(1173): CodeIgniter\View\View->render('back/carrito/carrito_parte_view', [], true)
 3 APPPATH\Controllers\carrito_controller.php(70): view('back/carrito/carrito_parte_view', [...])
 4 SYSTEMPATH\CodeIgniter.php(933): App\Controllers\carrito_controller->muestra()
 5 SYSTEMPATH\CodeIgniter.php(507): CodeIgniter\CodeIgniter->runController(Object(App\Controllers\carrito_controller))
 6 SYSTEMPATH\CodeIgniter.php(354): CodeIgniter\CodeIgniter->handleRequest(null, Object(Config\Cache), false)
 7 SYSTEMPATH\Boot.php(334): CodeIgniter\CodeIgniter->run()
 8 SYSTEMPATH\Boot.php(67): CodeIgniter\Boot::runCodeIgniter(Object(CodeIgniter\CodeIgniter))
 9 FCPATH\index.php(56): CodeIgniter\Boot::bootWeb(Object(Config\Paths))
DEBUG - 2025-06-13 15:08:44 --> Session: Class initialized using 'CodeIgniter\Session\Handlers\FileHandler' driver.
INFO - 2025-06-13 15:08:44 --> Cart Class Initialized
DEBUG - 2025-06-13 15:08:45 --> Session: Class initialized using 'CodeIgniter\Session\Handlers\FileHandler' driver.
INFO - 2025-06-13 15:08:45 --> Cart Class Initialized
DEBUG - 2025-06-13 15:08:46 --> Session: Class initialized using 'CodeIgniter\Session\Handlers\FileHandler' driver.
INFO - 2025-06-13 15:08:46 --> Cart Class Initialized
DEBUG - 2025-06-13 15:08:48 --> Session: Class initialized using 'CodeIgniter\Session\Handlers\FileHandler' driver.
INFO - 2025-06-13 15:08:48 --> Cart Class Initialized
DEBUG - 2025-06-13 15:08:48 --> POST: Array
(
    [csrf_test_name] => bcced4714fba3c795cd99b74efee4aa5
    [id] => 8
    [precio_vta] => 2000.00
    [nombre_prod] => My Man Godfrey
    [imagen] => 1749065894_b9e36c572dbfa9f73ed6.jpg
    [action] => Agregar al Carrito
)

DEBUG - 2025-06-13 15:08:48 --> Session: Class initialized using 'CodeIgniter\Session\Handlers\FileHandler' driver.
INFO - 2025-06-13 15:08:48 --> Cart Class Initialized
DEBUG - 2025-06-13 15:08:51 --> Session: Class initialized using 'CodeIgniter\Session\Handlers\FileHandler' driver.
INFO - 2025-06-13 15:08:51 --> Cart Class Initialized
DEBUG - 2025-06-13 15:08:51 --> POST: Array
(
    [csrf_test_name] => bcced4714fba3c795cd99b74efee4aa5
    [id] => 8
    [precio_vta] => 2000.00
    [nombre_prod] => My Man Godfrey
    [imagen] => 1749065894_b9e36c572dbfa9f73ed6.jpg
    [action] => Agregar al Carrito
)

DEBUG - 2025-06-13 15:08:51 --> Session: Class initialized using 'CodeIgniter\Session\Handlers\FileHandler' driver.
INFO - 2025-06-13 15:08:51 --> Cart Class Initialized
DEBUG - 2025-06-13 15:08:56 --> Session: Class initialized using 'CodeIgniter\Session\Handlers\FileHandler' driver.
INFO - 2025-06-13 15:08:56 --> Cart Class Initialized
DEBUG - 2025-06-13 15:08:56 --> POST: Array
(
    [csrf_test_name] => bcced4714fba3c795cd99b74efee4aa5
    [id] => 7
    [precio_vta] => 2000.00
    [nombre_prod] => Duck Soup
    [imagen] => 1749065846_993e7737cff769c675c5.jpg
    [action] => Agregar al Carrito
)

DEBUG - 2025-06-13 15:08:56 --> Session: Class initialized using 'CodeIgniter\Session\Handlers\FileHandler' driver.
INFO - 2025-06-13 15:08:56 --> Cart Class Initialized
DEBUG - 2025-06-13 15:09:17 --> Session: Class initialized using 'CodeIgniter\Session\Handlers\FileHandler' driver.
INFO - 2025-06-13 15:09:17 --> Cart Class Initialized
DEBUG - 2025-06-13 15:09:17 --> POST: Array
(
    [csrf_test_name] => bcced4714fba3c795cd99b74efee4aa5
    [id] => 8
    [precio_vta] => 2000.00
    [nombre_prod] => My Man Godfrey
    [imagen] => 1749065894_b9e36c572dbfa9f73ed6.jpg
    [action] => Agregar al Carrito
)

DEBUG - 2025-06-13 15:09:17 --> Session: Class initialized using 'CodeIgniter\Session\Handlers\FileHandler' driver.
INFO - 2025-06-13 15:09:17 --> Cart Class Initialized
DEBUG - 2025-06-13 15:09:20 --> Session: Class initialized using 'CodeIgniter\Session\Handlers\FileHandler' driver.
INFO - 2025-06-13 15:09:20 --> Cart Class Initialized
DEBUG - 2025-06-13 15:09:21 --> Session: Class initialized using 'CodeIgniter\Session\Handlers\FileHandler' driver.
INFO - 2025-06-13 15:09:21 --> Cart Class Initialized
DEBUG - 2025-06-13 15:09:25 --> Session: Class initialized using 'CodeIgniter\Session\Handlers\FileHandler' driver.
INFO - 2025-06-13 15:09:25 --> Cart Class Initialized
DEBUG - 2025-06-13 15:09:25 --> Session: Class initialized using 'CodeIgniter\Session\Handlers\FileHandler' driver.
DEBUG - 2025-06-13 15:09:31 --> Session: Class initialized using 'CodeIgniter\Session\Handlers\FileHandler' driver.
INFO - 2025-06-13 15:09:31 --> Cart Class Initialized
DEBUG - 2025-06-13 15:09:35 --> Session: Class initialized using 'CodeIgniter\Session\Handlers\FileHandler' driver.
INFO - 2025-06-13 15:09:35 --> Cart Class Initialized
DEBUG - 2025-06-13 15:09:39 --> Session: Class initialized using 'CodeIgniter\Session\Handlers\FileHandler' driver.
INFO - 2025-06-13 15:09:39 --> Cart Class Initialized
DEBUG - 2025-06-13 15:09:39 --> POST: Array
(
    [csrf_test_name] => bcced4714fba3c795cd99b74efee4aa5
    [id] => 5
    [precio_vta] => 2000.00
    [nombre_prod] => The Ghoul
    [imagen] => 1749065785_9644cd8cff78f2a9df2b.jpg
    [action] => Agregar al Carrito
)

DEBUG - 2025-06-13 15:09:39 --> Session: Class initialized using 'CodeIgniter\Session\Handlers\FileHandler' driver.
INFO - 2025-06-13 15:09:39 --> Cart Class Initialized
DEBUG - 2025-06-13 15:09:40 --> Session: Class initialized using 'CodeIgniter\Session\Handlers\FileHandler' driver.
INFO - 2025-06-13 15:09:40 --> Cart Class Initialized
DEBUG - 2025-06-13 15:09:42 --> Session: Class initialized using 'CodeIgniter\Session\Handlers\FileHandler' driver.
INFO - 2025-06-13 15:09:42 --> Cart Class Initialized
DEBUG - 2025-06-13 15:09:42 --> POST: Array
(
    [csrf_test_name] => bcced4714fba3c795cd99b74efee4aa5
    [id] => 1
    [precio_vta] => 2000.00
    [nombre_prod] => Things to Come
    [imagen] => 1749065674_4a5da7da1132fea62921.jpg
    [action] => Agregar al Carrito
)

DEBUG - 2025-06-13 15:09:42 --> Session: Class initialized using 'CodeIgniter\Session\Handlers\FileHandler' driver.
INFO - 2025-06-13 15:09:42 --> Cart Class Initialized
DEBUG - 2025-06-13 15:09:44 --> Session: Class initialized using 'CodeIgniter\Session\Handlers\FileHandler' driver.
INFO - 2025-06-13 15:09:44 --> Cart Class Initialized
DEBUG - 2025-06-13 15:09:45 --> Session: Class initialized using 'CodeIgniter\Session\Handlers\FileHandler' driver.
INFO - 2025-06-13 15:09:45 --> Cart Class Initialized
DEBUG - 2025-06-13 15:09:46 --> Session: Class initialized using 'CodeIgniter\Session\Handlers\FileHandler' driver.
INFO - 2025-06-13 15:09:46 --> Cart Class Initialized
DEBUG - 2025-06-13 15:09:47 --> Session: Class initialized using 'CodeIgniter\Session\Handlers\FileHandler' driver.
INFO - 2025-06-13 15:09:47 --> Cart Class Initialized
DEBUG - 2025-06-13 15:09:49 --> Session: Class initialized using 'CodeIgniter\Session\Handlers\FileHandler' driver.
INFO - 2025-06-13 15:09:49 --> Cart Class Initialized
DEBUG - 2025-06-13 15:09:49 --> POST: Array
(
    [csrf_test_name] => bcced4714fba3c795cd99b74efee4aa5
    [id] => 2
    [precio_vta] => 2000.00
    [nombre_prod] => Battle Of The Worlds
    [imagen] => 1749065704_7e21a0fb85564b4aeffc.jpg
    [action] => Agregar al Carrito
)

DEBUG - 2025-06-13 15:09:49 --> Session: Class initialized using 'CodeIgniter\Session\Handlers\FileHandler' driver.
INFO - 2025-06-13 15:09:49 --> Cart Class Initialized
DEBUG - 2025-06-13 15:09:53 --> Session: Class initialized using 'CodeIgniter\Session\Handlers\FileHandler' driver.
INFO - 2025-06-13 15:09:53 --> Cart Class Initialized
DEBUG - 2025-06-13 15:09:53 --> Session: Class initialized using 'CodeIgniter\Session\Handlers\FileHandler' driver.
DEBUG - 2025-06-13 15:09:59 --> Session: Class initialized using 'CodeIgniter\Session\Handlers\FileHandler' driver.
INFO - 2025-06-13 15:09:59 --> Cart Class Initialized
DEBUG - 2025-06-13 15:13:06 --> Session: Class initialized using 'CodeIgniter\Session\Handlers\FileHandler' driver.
INFO - 2025-06-13 15:13:06 --> Cart Class Initialized
DEBUG - 2025-06-13 15:13:13 --> Session: Class initialized using 'CodeIgniter\Session\Handlers\FileHandler' driver.
INFO - 2025-06-13 15:13:13 --> Cart Class Initialized
DEBUG - 2025-06-13 15:13:13 --> POST: Array
(
    [csrf_test_name] => bcced4714fba3c795cd99b74efee4aa5
    [id] => 8
    [precio_vta] => 2000.00
    [nombre_prod] => My Man Godfrey
    [imagen] => 1749065894_b9e36c572dbfa9f73ed6.jpg
    [action] => Agregar al Carrito
)

DEBUG - 2025-06-13 15:13:13 --> Session: Class initialized using 'CodeIgniter\Session\Handlers\FileHandler' driver.
INFO - 2025-06-13 15:13:13 --> Cart Class Initialized
DEBUG - 2025-06-13 15:22:46 --> Session: Class initialized using 'CodeIgniter\Session\Handlers\FileHandler' driver.
INFO - 2025-06-13 15:22:46 --> Cart Class Initialized
DEBUG - 2025-06-13 15:22:47 --> Session: Class initialized using 'CodeIgniter\Session\Handlers\FileHandler' driver.
INFO - 2025-06-13 15:22:47 --> Cart Class Initialized
DEBUG - 2025-06-13 15:22:48 --> Session: Class initialized using 'CodeIgniter\Session\Handlers\FileHandler' driver.
DEBUG - 2025-06-13 15:22:50 --> Session: Class initialized using 'CodeIgniter\Session\Handlers\FileHandler' driver.
DEBUG - 2025-06-13 15:22:52 --> Session: Class initialized using 'CodeIgniter\Session\Handlers\FileHandler' driver.
DEBUG - 2025-06-13 15:22:52 --> Session: Class initialized using 'CodeIgniter\Session\Handlers\FileHandler' driver.
DEBUG - 2025-06-13 15:23:23 --> Session: Class initialized using 'CodeIgniter\Session\Handlers\FileHandler' driver.
DEBUG - 2025-06-13 15:23:25 --> Session: Class initialized using 'CodeIgniter\Session\Handlers\FileHandler' driver.
DEBUG - 2025-06-13 15:23:25 --> Session: Class initialized using 'CodeIgniter\Session\Handlers\FileHandler' driver.
DEBUG - 2025-06-13 15:23:26 --> Session: Class initialized using 'CodeIgniter\Session\Handlers\FileHandler' driver.
DEBUG - 2025-06-13 15:23:31 --> Session: Class initialized using 'CodeIgniter\Session\Handlers\FileHandler' driver.
DEBUG - 2025-06-13 15:23:31 --> Session: Class initialized using 'CodeIgniter\Session\Handlers\FileHandler' driver.
CRITICAL - 2025-06-13 15:23:32 --> CodeIgniter\View\Exceptions\ViewException: Invalid file: "front/head_view_crud.php"
[Method: GET, Route: ventas]
in SYSTEMPATH\Exceptions\FrameworkException.php on line 39.
 1 SYSTEMPATH\View\View.php(212): CodeIgniter\Exceptions\FrameworkException::forInvalidFile('front/head_view_crud.php')
 2 SYSTEMPATH\Common.php(1173): CodeIgniter\View\View->render('front/head_view_crud', [], true)
 3 APPPATH\Controllers\ventas_controller.php(114): view('front/head_view_crud', [...])
 4 SYSTEMPATH\CodeIgniter.php(933): App\Controllers\Ventas_controller->ventas()
 5 SYSTEMPATH\CodeIgniter.php(507): CodeIgniter\CodeIgniter->runController(Object(App\Controllers\Ventas_controller))
 6 SYSTEMPATH\CodeIgniter.php(354): CodeIgniter\CodeIgniter->handleRequest(null, Object(Config\Cache), false)
 7 SYSTEMPATH\Boot.php(334): CodeIgniter\CodeIgniter->run()
 8 SYSTEMPATH\Boot.php(67): CodeIgniter\Boot::runCodeIgniter(Object(CodeIgniter\CodeIgniter))
 9 FCPATH\index.php(56): CodeIgniter\Boot::bootWeb(Object(Config\Paths))
DEBUG - 2025-06-13 15:24:32 --> Session: Class initialized using 'CodeIgniter\Session\Handlers\FileHandler' driver.
CRITICAL - 2025-06-13 15:24:32 --> ErrorException: Undefined array key "precio_iva"
[Method: GET, Route: ventas]
in APPPATH\Views\back\ventas\ventas.php on line 35.
 1 APPPATH\Views\back\ventas\ventas.php(35): CodeIgniter\Debug\Exceptions->errorHandler(2, 'Undefined array key "precio_iva"', 'C:\\xampp\\htdocs\\proyecto_gon_lezcano\\app\\Views\\back\\ventas\\ventas.php', 35)
 2 SYSTEMPATH\View\View.php(224): include('C:\\xampp\\htdocs\\proyecto_gon_lezcano\\app\\Views\\back\\ventas\\ventas.php')
 3 SYSTEMPATH\View\View.php(227): CodeIgniter\View\View->CodeIgniter\View\{closure}()
 4 SYSTEMPATH\Common.php(1173): CodeIgniter\View\View->render('back/ventas/ventas', [], true)
 5 APPPATH\Controllers\ventas_controller.php(116): view('back/ventas/ventas', [...])
 6 SYSTEMPATH\CodeIgniter.php(933): App\Controllers\Ventas_controller->ventas()
 7 SYSTEMPATH\CodeIgniter.php(507): CodeIgniter\CodeIgniter->runController(Object(App\Controllers\Ventas_controller))
 8 SYSTEMPATH\CodeIgniter.php(354): CodeIgniter\CodeIgniter->handleRequest(null, Object(Config\Cache), false)
 9 SYSTEMPATH\Boot.php(334): CodeIgniter\CodeIgniter->run()
10 SYSTEMPATH\Boot.php(67): CodeIgniter\Boot::runCodeIgniter(Object(CodeIgniter\CodeIgniter))
11 FCPATH\index.php(56): CodeIgniter\Boot::bootWeb(Object(Config\Paths))
DEBUG - 2025-06-13 15:25:00 --> Session: Class initialized using 'CodeIgniter\Session\Handlers\FileHandler' driver.
CRITICAL - 2025-06-13 15:25:00 --> ErrorException: Undefined array key "precio_iva"
[Method: GET, Route: ventas]
in APPPATH\Views\back\ventas\ventas.php on line 44.
 1 APPPATH\Views\back\ventas\ventas.php(44): CodeIgniter\Debug\Exceptions->errorHandler(2, 'Undefined array key "precio_iva"', 'C:\\xampp\\htdocs\\proyecto_gon_lezcano\\app\\Views\\back\\ventas\\ventas.php', 44)
 2 SYSTEMPATH\View\View.php(224): include('C:\\xampp\\htdocs\\proyecto_gon_lezcano\\app\\Views\\back\\ventas\\ventas.php')
 3 SYSTEMPATH\View\View.php(227): CodeIgniter\View\View->CodeIgniter\View\{closure}()
 4 SYSTEMPATH\Common.php(1173): CodeIgniter\View\View->render('back/ventas/ventas', [], true)
 5 APPPATH\Controllers\ventas_controller.php(116): view('back/ventas/ventas', [...])
 6 SYSTEMPATH\CodeIgniter.php(933): App\Controllers\Ventas_controller->ventas()
 7 SYSTEMPATH\CodeIgniter.php(507): CodeIgniter\CodeIgniter->runController(Object(App\Controllers\Ventas_controller))
 8 SYSTEMPATH\CodeIgniter.php(354): CodeIgniter\CodeIgniter->handleRequest(null, Object(Config\Cache), false)
 9 SYSTEMPATH\Boot.php(334): CodeIgniter\CodeIgniter->run()
10 SYSTEMPATH\Boot.php(67): CodeIgniter\Boot::runCodeIgniter(Object(CodeIgniter\CodeIgniter))
11 FCPATH\index.php(56): CodeIgniter\Boot::bootWeb(Object(Config\Paths))
DEBUG - 2025-06-13 15:25:13 --> Session: Class initialized using 'CodeIgniter\Session\Handlers\FileHandler' driver.
